<?xml version="1.0" encoding="utf-8"?><testsuites name="pytest tests"><testsuite name="pytest" errors="0" failures="0" skipped="0" tests="25" time="11.984" timestamp="2026-06-04T04:01:14.640963+00:00" hostname="agent-env-876faaa1-a258-4ec1-bda5-0b5a535fc047"><testcase classname="backend.tests.test_iter2.TestChat" name="test_chat_first_message_returns_reply_and_session" time="4.112" /><testcase classname="backend.tests.test_iter2.TestChat" name="test_chat_continuation_same_session" time="4.376" /><testcase classname="backend.tests.test_iter2.TestChat" name="test_chat_requires_auth" time="0.216" /><testcase classname="backend.tests.test_iter2.TestChat" name="test_chat_history" time="0.113" /><testcase classname="backend.tests.test_iter2.TestSearch" name="test_short_query_returns_empty" time="0.101" /><testcase classname="backend.tests.test_iter2.TestSearch" name="test_search_aurora_returns_results" time="0.108" /><testcase classname="backend.tests.test_iter2.TestSearch" name="test_search_requires_auth" time="0.113" /><testcase classname="backend.tests.test_iter2.TestMyDashboard" name="test_employee_dashboard_keys" time="0.479" /><testcase classname="backend.tests.test_iter2.TestMyDashboard" name="test_admin_can_also_call_me_dashboard" time="0.115" /><testcase classname="backend.tests.test_iter2.TestMyDashboard" name="test_me_tasks_employee_scoped" time="0.211" /><testcase classname="backend.tests.test_iter2.TestMyDashboard" name="test_me_tickets_employee_scoped" time="0.212" /><testcase classname="backend.tests.test_iter2.TestMyDashboard" name="test_me_meetings_employee_scoped" time="0.248" /><testcase classname="backend.tests.test_iter2.TestRegression" name="test_list_endpoint_returns_seed_data[projects]" time="0.102" /><testcase classname="backend.tests.test_iter2.TestRegression" name="test_list_endpoint_returns_seed_data[clients]" time="0.144" /><testcase classname="backend.tests.test_iter2.TestRegression" name="test_list_endpoint_returns_seed_data[employees]" time="0.108" /><testcase classname="backend.tests.test_iter2.TestRegression" name="test_list_endpoint_returns_seed_data[tasks]" time="0.098" /><testcase classname="backend.tests.test_iter2.TestRegression" name="test_list_endpoint_returns_seed_data[invoices]" time="0.105" /><testcase classname="backend.tests.test_iter2.TestRegression" name="test_list_endpoint_returns_seed_data[expenses]" time="0.120" /><testcase classname="backend.tests.test_iter2.TestRegression" name="test_list_endpoint_returns_seed_data[tickets]" time="0.109" /><testcase classname="backend.tests.test_iter2.TestRegression" name="test_list_endpoint_returns_seed_data[assets]" time="0.112" /><testcase classname="backend.tests.test_iter2.TestRegression" name="test_list_endpoint_returns_seed_data[amc]" time="0.108" /><testcase classname="backend.tests.test_iter2.TestRegression" name="test_list_endpoint_returns_seed_data[meetings]" time="0.102" /><testcase classname="backend.tests.test_iter2.TestRegression" name="test_list_endpoint_returns_seed_data[visits]" time="0.108" /><testcase classname="backend.tests.test_iter2.TestRegression" name="test_list_endpoint_returns_seed_data[documents]" time="0.115" /><testcase classname="backend.tests.test_iter2.TestRegression" name="test_dashboard_reports_unchanged" time="0.109" /></testsuite></testsuites>