<?xml version="1.0" encoding="utf-8"?><testsuites name="pytest tests"><testsuite name="pytest" errors="0" failures="0" skipped="0" tests="27" time="11.861" timestamp="2026-06-04T03:39:42.425610+00:00" hostname="agent-env-876faaa1-a258-4ec1-bda5-0b5a535fc047"><testcase classname="backend.tests.backend_test.TestAuth" name="test_admin_login" time="0.549" /><testcase classname="backend.tests.backend_test.TestAuth" name="test_manager_login" time="0.366" /><testcase classname="backend.tests.backend_test.TestAuth" name="test_employee_login" time="0.342" /><testcase classname="backend.tests.backend_test.TestAuth" name="test_wrong_password" time="0.398" /><testcase classname="backend.tests.backend_test.TestAuth" name="test_me_with_token" time="0.504" /><testcase classname="backend.tests.backend_test.TestAuth" name="test_me_no_token" time="0.108" /><testcase classname="backend.tests.backend_test.TestReports" name="test_dashboard" time="0.122" /><testcase classname="backend.tests.backend_test.TestReports" name="test_finance_trend" time="0.140" /><testcase classname="backend.tests.backend_test" name="test_module_crud_admin[projects-payload0]" time="0.577" /><testcase classname="backend.tests.backend_test" name="test_module_crud_admin[tasks-payload1]" time="0.612" /><testcase classname="backend.tests.backend_test" name="test_module_crud_admin[expenses-payload2]" time="0.536" /><testcase classname="backend.tests.backend_test" name="test_module_crud_admin[invoices-payload3]" time="0.676" /><testcase classname="backend.tests.backend_test" name="test_module_crud_admin[employees-payload4]" time="0.601" /><testcase classname="backend.tests.backend_test" name="test_module_crud_admin[meetings-payload5]" time="0.574" /><testcase classname="backend.tests.backend_test" name="test_module_crud_admin[visits-payload6]" time="0.550" /><testcase classname="backend.tests.backend_test" name="test_module_crud_admin[assets-payload7]" time="0.559" /><testcase classname="backend.tests.backend_test" name="test_module_crud_admin[amc-payload8]" time="0.548" /><testcase classname="backend.tests.backend_test" name="test_module_crud_admin[tickets-payload9]" time="0.574" /><testcase classname="backend.tests.backend_test" name="test_module_crud_admin[documents-payload10]" time="0.571" /><testcase classname="backend.tests.backend_test" name="test_module_crud_admin[clients-payload11]" time="0.567" /><testcase classname="backend.tests.backend_test" name="test_employee_cannot_create_project" time="0.489" /><testcase classname="backend.tests.backend_test.TestAttendance" name="test_checkin_checkout_flow" time="0.495" /><testcase classname="backend.tests.backend_test.TestLeaves" name="test_employee_apply_admin_approve" time="0.691" /><testcase classname="backend.tests.backend_test.TestLeaves" name="test_manager_reject" time="0.246" /><testcase classname="backend.tests.backend_test.TestNotifications" name="test_test_notification_logged_only" time="0.107" /><testcase classname="backend.tests.backend_test.TestNotifications" name="test_list_notifications" time="0.113" /><testcase classname="backend.tests.backend_test.TestNotifications" name="test_employee_cannot_send_test" time="0.106" /></testsuite></testsuites>